<?xml version="1.0" encoding="UTF-8"?>
<testsuite name="CustomClassTest" tests="3" skipped="0" failures="0" errors="0" timestamp="2017-04-11T17:58:30" hostname="Marcos-MacBook-Pro-2.local" time="0.002">
  <properties/>
  <testcase name="testEven" classname="CustomClassTest" time="0.001"/>
  <testcase name="testInRangeBadArgument" classname="CustomClassTest" time="0.0"/>
  <testcase name="testInRange" classname="CustomClassTest" time="0.0"/>
  <system-out><![CDATA[]]></system-out>
  <system-err><![CDATA[]]></system-err>
</testsuite>
